2025-05-14 14:06:54,042 INFO StartupInfoLogger [main] Starting TestApplication using Java 24 with PID 64517 (/home/domen/Projects/java/intelliJProjects/libreria/target/classes started by domen in /home/domen/Projects/java/intelliJProjects/libreria)
2025-05-14 14:06:54,063 INFO SpringApplication [main] No active profile set, falling back to 1 default profile: "default"
2025-05-14 14:06:55,439 INFO RepositoryConfigurationDelegate [main] Bootstrapping Spring Data JPA repositories in DEFAULT mode.
2025-05-14 14:06:55,621 INFO RepositoryConfigurationDelegate [main] Finished Spring Data repository scanning in 155 ms. Found 6 JPA repository interfaces.
2025-05-14 14:06:57,484 INFO TomcatWebServer [main] Tomcat initialized with port 8080 (http)
2025-05-14 14:06:57,521 INFO DirectJDKLog [main] Initializing ProtocolHandler ["http-nio-8080"]
2025-05-14 14:06:57,527 INFO DirectJDKLog [main] Starting service [Tomcat]
2025-05-14 14:06:57,530 INFO DirectJDKLog [main] Starting Servlet engine: [Apache Tomcat/10.1.40]
2025-05-14 14:06:57,630 INFO DirectJDKLog [main] Initializing Spring embedded WebApplicationContext
2025-05-14 14:06:57,632 INFO ServletWebServerApplicationContext [main] Root WebApplicationContext: initialization completed in 3434 ms
2025-05-14 14:06:58,105 INFO LogHelper [main] HHH000204: Processing PersistenceUnitInfo [name: default]
2025-05-14 14:06:58,249 INFO Version [main] HHH000412: Hibernate ORM core version 6.6.13.Final
2025-05-14 14:06:58,366 INFO RegionFactoryInitiator [main] HHH000026: Second-level cache disabled
2025-05-14 14:06:58,946 INFO SpringPersistenceUnitInfo [main] No LoadTimeWeaver setup: ignoring JPA class transformer
2025-05-14 14:06:59,011 INFO HikariDataSource [main] HikariPool-1 - Starting...
2025-05-14 14:06:59,359 INFO HikariPool [main] HikariPool-1 - Added connection conn0: url=jdbc:h2:mem:libreria user=ADMIN
2025-05-14 14:06:59,364 INFO HikariDataSource [main] HikariPool-1 - Start completed.
2025-05-14 14:06:59,463 INFO JdbcEnvironmentInitiator [main] HHH10001005: Database info:
	Database JDBC URL [Connecting through datasource 'HikariDataSource (HikariPool-1)']
	Database driver: undefined/unknown
	Database version: 2.3.232
	Autocommit mode: undefined/unknown
	Isolation level: undefined/unknown
	Minimum pool size: undefined/unknown
	Maximum pool size: undefined/unknown
2025-05-14 14:07:01,177 INFO JtaPlatformInitiator [main] HHH000489: No JTA platform available (set 'hibernate.transaction.jta.platform' to enable JTA platform integration)
2025-05-14 14:07:01,294 INFO AbstractEntityManagerFactoryBean [main] Initialized JPA EntityManagerFactory for persistence unit 'default'
2025-05-14 14:07:02,032 INFO QueryEnhancerFactory [main] Hibernate is in classpath; If applicable, HQL parser will be used.
2025-05-14 14:07:04,802 WARN JpaBaseConfiguration$JpaWebConfiguration [main] spring.jpa.open-in-view is enabled by default. Therefore, database queries may be performed during view rendering. Explicitly configure spring.jpa.open-in-view to disable this warning
2025-05-14 14:07:04,883 INFO OptionalValidatorFactoryBean [main] Failed to set up a Bean Validation provider: jakarta.validation.NoProviderFoundException: Unable to create a Configuration, because no Jakarta Bean Validation provider could be found. Add a provider like Hibernate Validator (RI) to your classpath.
2025-05-14 14:07:05,513 INFO H2ConsoleAutoConfiguration$H2ConsoleLogger [main] H2 console available at '/h2-console'. Database available at 'jdbc:h2:mem:libreria'
2025-05-14 14:07:05,760 INFO DirectJDKLog [main] Starting ProtocolHandler ["http-nio-8080"]
2025-05-14 14:07:05,796 INFO TomcatWebServer [main] Tomcat started on port 8080 (http) with context path '/'
2025-05-14 14:07:05,824 INFO StartupInfoLogger [main] Started TestApplication in 12.615 seconds (process running for 14.908)
2025-05-14 14:08:02,944 INFO DirectJDKLog [http-nio-8080-exec-3] Initializing Spring DispatcherServlet 'dispatcherServlet'
2025-05-14 14:08:02,945 INFO FrameworkServlet [http-nio-8080-exec-3] Initializing Servlet 'dispatcherServlet'
2025-05-14 14:08:02,949 INFO FrameworkServlet [http-nio-8080-exec-3] Completed initialization in 2 ms
2025-05-14 14:08:03,249 DEBUG StudentServiceImpl [http-nio-8080-exec-3] ID: 1 - TOTAL_LOANS: 4
2025-05-14 14:08:03,259 DEBUG StudentServiceImpl [http-nio-8080-exec-3] ID: 1 - ONGOING_LOANS: 2
2025-05-14 14:08:03,270 DEBUG StudentServiceImpl [http-nio-8080-exec-3] ID: 1 - LAST_DATE: 2025-03-10
2025-05-14 14:08:03,344 DEBUG StudentServiceImpl [http-nio-8080-exec-3] ID: 1 - FAVOURITE_CATEGORY: it.bitify.libreria.model.entity.Category@5f1cae6f
2025-05-14 14:08:24,262 DEBUG StudentServiceImpl [http-nio-8080-exec-5] ID: 1 - TOTAL_LOANS: 4
2025-05-14 14:08:24,264 DEBUG StudentServiceImpl [http-nio-8080-exec-5] ID: 1 - ONGOING_LOANS: 2
2025-05-14 14:08:24,267 DEBUG StudentServiceImpl [http-nio-8080-exec-5] ID: 1 - LAST_DATE: 2025-03-10
2025-05-14 14:08:24,270 DEBUG StudentServiceImpl [http-nio-8080-exec-5] ID: 1 - FAVOURITE_CATEGORY: it.bitify.libreria.model.entity.Category@5d0cae0d
2025-05-14 14:09:02,116 INFO GracefulShutdown [SpringApplicationShutdownHook] Commencing graceful shutdown. Waiting for active requests to complete
2025-05-14 14:09:02,123 INFO GracefulShutdown [tomcat-shutdown] Graceful shutdown complete
2025-05-14 14:09:02,137 INFO AbstractEntityManagerFactoryBean [SpringApplicationShutdownHook] Closing JPA EntityManagerFactory for persistence unit 'default'
2025-05-14 14:09:02,169 INFO HikariDataSource [SpringApplicationShutdownHook] HikariPool-1 - Shutdown initiated...
2025-05-14 14:09:02,178 INFO HikariDataSource [SpringApplicationShutdownHook] HikariPool-1 - Shutdown completed.
